<?xml version="1.0" encoding="UTF-8"?>
<testng-results ignored="0" total="1" passed="1" failed="0" skipped="0">
  <reporter-output>
    <line>
      <![CDATA[create customer]]>
    </line>
  </reporter-output>
  <suite started-at="2024-10-23T10:03:03 IST" name="Default suite" finished-at="2024-10-23T10:03:03 IST" duration-ms="79">
    <groups>
    </groups>
    <test started-at="2024-10-23T10:03:03 IST" name="Default test" finished-at="2024-10-23T10:03:03 IST" duration-ms="79">
      <class name="com.actitime.testscript.customermodule">
        <test-method signature="createcustomer()[pri:0, instance:com.actitime.testscript.customermodule@5b8dfcc1]" started-at="2024-10-23T10:03:03 IST" name="createcustomer" finished-at="2024-10-23T10:03:03 IST" duration-ms="11" status="PASS">
          <reporter-output>
            <line>
              <![CDATA[create customer]]>
            </line>
          </reporter-output>
        </test-method> <!-- createcustomer -->
      </class> <!-- com.actitime.testscript.customermodule -->
    </test> <!-- Default test -->
  </suite> <!-- Default suite -->
</testng-results>
