<?xml version="1.0" encoding="UTF-8"?>
<testng-results ignored="0" total="1" passed="1" failed="0" skipped="0">
  <reporter-output>
  </reporter-output>
  <suite started-at="2024-10-24T12:26:18 IST" name="Default suite" finished-at="2024-10-24T12:26:28 IST" duration-ms="10212">
    <groups>
    </groups>
    <test started-at="2024-10-24T12:26:18 IST" name="Default test" finished-at="2024-10-24T12:26:28 IST" duration-ms="10212">
      <class name="com.actitime.testscript.customermodule">
        <test-method signature="createcustomer()[pri:0, instance:com.actitime.testscript.customermodule@6cf0e0ba]" started-at="2024-10-24T12:26:18 IST" name="createcustomer" finished-at="2024-10-24T12:26:28 IST" duration-ms="10158" status="PASS">
          <reporter-output>
          </reporter-output>
        </test-method> <!-- createcustomer -->
      </class> <!-- com.actitime.testscript.customermodule -->
    </test> <!-- Default test -->
  </suite> <!-- Default suite -->
</testng-results>
